0 info it worked if it ends with ok
1 verbose cli [ '/Users/mysterries/.nvm/versions/node/v5.10.1/bin/node',
1 verbose cli   '/Users/mysterries/.nvm/versions/node/v5.10.1/bin/npm',
1 verbose cli   'run',
1 verbose cli   'test:watch' ]
2 info using npm@3.8.3
3 info using node@v5.10.1
4 verbose run-script [ 'pretest:watch', 'test:watch', 'posttest:watch' ]
5 info lifecycle markov-chain@1.0.0~pretest:watch: markov-chain@1.0.0
6 silly lifecycle markov-chain@1.0.0~pretest:watch: no script for pretest:watch, continuing
7 info lifecycle markov-chain@1.0.0~test:watch: markov-chain@1.0.0
8 verbose lifecycle markov-chain@1.0.0~test:watch: unsafe-perm in lifecycle true
9 verbose lifecycle markov-chain@1.0.0~test:watch: PATH: /Users/mysterries/.nvm/versions/node/v5.10.1/lib/node_modules/npm/bin/node-gyp-bin:/Users/mysterries/Documents/Max/markov-chain/node_modules/.bin:/Users/mysterries/.nvm/versions/node/v5.10.1/bin:/Users/mysterries/.nvm/versions/node/v5.10.1/bin:/Users/mysterries/.rbenv/shims:/usr/local/bin:/usr/bin:/bin:/usr/sbin:/sbin:/opt/X11/bin
10 verbose lifecycle markov-chain@1.0.0~test:watch: CWD: /Users/mysterries/Documents/Max/markov-chain
11 silly lifecycle markov-chain@1.0.0~test:watch: Args: [ '-c', 'npm run test -- --watch' ]
12 silly lifecycle markov-chain@1.0.0~test:watch: Returned: code: 1  signal: null
13 info lifecycle markov-chain@1.0.0~test:watch: Failed to exec test:watch script
14 verbose stack Error: markov-chain@1.0.0 test:watch: `npm run test -- --watch`
14 verbose stack Exit status 1
14 verbose stack     at EventEmitter.<anonymous> (/Users/mysterries/.nvm/versions/node/v5.10.1/lib/node_modules/npm/lib/utils/lifecycle.js:239:16)
14 verbose stack     at emitTwo (events.js:100:13)
14 verbose stack     at EventEmitter.emit (events.js:185:7)
14 verbose stack     at ChildProcess.<anonymous> (/Users/mysterries/.nvm/versions/node/v5.10.1/lib/node_modules/npm/lib/utils/spawn.js:24:14)
14 verbose stack     at emitTwo (events.js:100:13)
14 verbose stack     at ChildProcess.emit (events.js:185:7)
14 verbose stack     at maybeClose (internal/child_process.js:850:16)
14 verbose stack     at Process.ChildProcess._handle.onexit (internal/child_process.js:215:5)
15 verbose pkgid markov-chain@1.0.0
16 verbose cwd /Users/mysterries/Documents/Max/markov-chain
17 error Darwin 15.6.0
18 error argv "/Users/mysterries/.nvm/versions/node/v5.10.1/bin/node" "/Users/mysterries/.nvm/versions/node/v5.10.1/bin/npm" "run" "test:watch"
19 error node v5.10.1
20 error npm  v3.8.3
21 error code ELIFECYCLE
22 error markov-chain@1.0.0 test:watch: `npm run test -- --watch`
22 error Exit status 1
23 error Failed at the markov-chain@1.0.0 test:watch script 'npm run test -- --watch'.
23 error Make sure you have the latest version of node.js and npm installed.
23 error If you do, this is most likely a problem with the markov-chain package,
23 error not with npm itself.
23 error Tell the author that this fails on your system:
23 error     npm run test -- --watch
23 error You can get information on how to open an issue for this project with:
23 error     npm bugs markov-chain
23 error Or if that isn't available, you can get their info via:
23 error     npm owner ls markov-chain
23 error There is likely additional logging output above.
24 verbose exit [ 1, true ]
